<?xml version="1.0" encoding="UTF-8"?>
<!-- Generated by org.testng.reporters.JUnitXMLReporter -->
<testsuite ignored="0" hostname="LAPTOP-UNUD2JEP" failures="0" tests="9" name="Test" time="102.57" errors="0" timestamp="2022-03-24T21:14:26 IST">
  <testcase classname="com.zigwheels.testscenarios.UpcomingBikesUnderFourLakhs" name="navigateToUpcomingBikes" time="13.213"/>
  <testcase classname="com.zigwheels.testscenarios.UpcomingBikesUnderFourLakhs" name="navigateToHondaBikes" time="3.727"/>
  <testcase classname="com.zigwheels.testscenarios.UpcomingBikesUnderFourLakhs" name="displayUpcomingBikes" time="24.016"/>
  <testcase classname="com.zigwheels.testscenarios.PopularUsedCarsInChennai" name="navigateToUsedCars" time="16.914"/>
  <testcase classname="com.zigwheels.testscenarios.PopularUsedCarsInChennai" name="navigateToUsedCarsInChennai" time="7.999"/>
  <testcase classname="com.zigwheels.testscenarios.PopularUsedCarsInChennai" name="getListOfUsedCarsInChennai" time="2.599"/>
  <testcase classname="com.zigwheels.testscenarios.InvalidGoogleLogin" name="navigateToHome" time="4.416"/>
  <testcase classname="com.zigwheels.testscenarios.InvalidGoogleLogin" name="loginWithInvalidCredentials" time="10.03"/>
  <testcase classname="com.zigwheels.testscenarios.InvalidGoogleLogin" name="captureErrorMessage" time="2.197"/>
</testsuite> <!-- Test -->
